{"C:\\Users\\aliss\\Desktop\\PROYECTO-ENTREGAYA\\back\\src\\config.js": {"path":"C:\\Users\\aliss\\Desktop\\PROYECTO-ENTREGAYA\\back\\src\\config.js","statementMap":{"0":{"start":{"line":1,"column":0},"end":{"line":1,"column":27}},"1":{"start":{"line":2,"column":22},"end":{"line":2,"column":42}},"2":{"start":{"line":4,"column":0},"end":{"line":4,"column":55}},"3":{"start":{"line":6,"column":18},"end":{"line":14,"column":2}},"4":{"start":{"line":16,"column":0},"end":{"line":16,"column":27}}},"fnMap":{},"branchMap":{},"s":{"0":1,"1":1,"2":1,"3":1,"4":1},"f":{},"b":{},"_coverageSchema":"1a1c01bbd47fc00a2c39e90264f33305004495a9","hash":"57901204ba5715b1ddda8a7058203e877c0d12a5"}
,"C:\\Users\\aliss\\Desktop\\PROYECTO-ENTREGAYA\\back\\src\\controllers\\authController.js": {"path":"C:\\Users\\aliss\\Desktop\\PROYECTO-ENTREGAYA\\back\\src\\controllers\\authController.js","statementMap":{"0":{"start":{"line":1,"column":15},"end":{"line":1,"column":34}},"1":{"start":{"line":2,"column":12},"end":{"line":2,"column":35}},"2":{"start":{"line":3,"column":15},"end":{"line":3,"column":42}},"3":{"start":{"line":4,"column":15},"end":{"line":4,"column":35}},"4":{"start":{"line":12,"column":23},"end":{"line":57,"column":1}},"5":{"start":{"line":13,"column":64},"end":{"line":13,"column":72}},"6":{"start":{"line":15,"column":2},"end":{"line":56,"column":3}},"7":{"start":{"line":16,"column":27},"end":{"line":20,"column":6}},"8":{"start":{"line":22,"column":4},"end":{"line":24,"column":5}},"9":{"start":{"line":23,"column":6},"end":{"line":23,"column":72}},"10":{"start":{"line":26,"column":27},"end":{"line":26,"column":58}},"11":{"start":{"line":28,"column":22},"end":{"line":35,"column":6}},"12":{"start":{"line":37,"column":18},"end":{"line":41,"column":5}},"13":{"start":{"line":43,"column":4},"end":{"line":52,"column":7}},"14":{"start":{"line":54,"column":4},"end":{"line":54,"column":58}},"15":{"start":{"line":55,"column":4},"end":{"line":55,"column":100}},"16":{"start":{"line":65,"column":20},"end":{"line":101,"column":1}},"17":{"start":{"line":66,"column":30},"end":{"line":66,"column":38}},"18":{"start":{"line":68,"column":2},"end":{"line":100,"column":3}},"19":{"start":{"line":69,"column":19},"end":{"line":69,"column":61}},"20":{"start":{"line":71,"column":4},"end":{"line":73,"column":5}},"21":{"start":{"line":72,"column":6},"end":{"line":72,"column":94}},"22":{"start":{"line":75,"column":20},"end":{"line":75,"column":67}},"23":{"start":{"line":77,"column":4},"end":{"line":79,"column":5}},"24":{"start":{"line":78,"column":6},"end":{"line":78,"column":94}},"25":{"start":{"line":81,"column":18},"end":{"line":85,"column":5}},"26":{"start":{"line":87,"column":4},"end":{"line":96,"column":7}},"27":{"start":{"line":98,"column":4},"end":{"line":98,"column":66}},"28":{"start":{"line":99,"column":4},"end":{"line":99,"column":94}},"29":{"start":{"line":103,"column":0},"end":{"line":106,"column":2}}},"fnMap":{"0":{"name":"(anonymous_0)","decl":{"start":{"line":12,"column":23},"end":{"line":12,"column":24}},"loc":{"start":{"line":12,"column":43},"end":{"line":57,"column":1}},"line":12},"1":{"name":"(anonymous_1)","decl":{"start":{"line":65,"column":20},"end":{"line":65,"column":21}},"loc":{"start":{"line":65,"column":40},"end":{"line":101,"column":1}},"line":65}},"branchMap":{"0":{"loc":{"start":{"line":22,"column":4},"end":{"line":24,"column":5}},"type":"if","locations":[{"start":{"line":22,"column":4},"end":{"line":24,"column":5}},{"start":{},"end":{}}],"line":22},"1":{"loc":{"start":{"line":71,"column":4},"end":{"line":73,"column":5}},"type":"if","locations":[{"start":{"line":71,"column":4},"end":{"line":73,"column":5}},{"start":{},"end":{}}],"line":71},"2":{"loc":{"start":{"line":77,"column":4},"end":{"line":79,"column":5}},"type":"if","locations":[{"start":{"line":77,"column":4},"end":{"line":79,"column":5}},{"start":{},"end":{}}],"line":77}},"s":{"0":1,"1":1,"2":1,"3":1,"4":1,"5":3,"6":3,"7":3,"8":2,"9":1,"10":1,"11":1,"12":1,"13":1,"14":1,"15":1,"16":1,"17":2,"18":2,"19":2,"20":2,"21":0,"22":2,"23":2,"24":1,"25":1,"26":1,"27":0,"28":0,"29":1},"f":{"0":3,"1":2},"b":{"0":[1,1],"1":[0,2],"2":[1,1]},"_coverageSchema":"1a1c01bbd47fc00a2c39e90264f33305004495a9","hash":"e4a238a1e2ef5b02d77fb70715cf7475fe0f313e"}
,"C:\\Users\\aliss\\Desktop\\PROYECTO-ENTREGAYA\\back\\src\\models\\Client.js": {"path":"C:\\Users\\aliss\\Desktop\\PROYECTO-ENTREGAYA\\back\\src\\models\\Client.js","statementMap":{"0":{"start":{"line":1,"column":22},"end":{"line":1,"column":42}},"1":{"start":{"line":2,"column":18},"end":{"line":2,"column":38}},"2":{"start":{"line":8,"column":15},"end":{"line":45,"column":2}},"3":{"start":{"line":48,"column":0},"end":{"line":48,"column":24}}},"fnMap":{},"branchMap":{},"s":{"0":1,"1":1,"2":1,"3":1},"f":{},"b":{},"_coverageSchema":"1a1c01bbd47fc00a2c39e90264f33305004495a9","hash":"9c66fde43cddb21d339bb23a7d058e65dcf98755"}
}
