TN:
SF:src\config.js
FNF:0
FNH:0
DA:1,1
DA:2,1
DA:4,1
DA:6,1
DA:16,1
LF:5
LH:5
BRF:0
BRH:0
end_of_record
TN:
SF:src\controllers\authController.js
FN:12,(anonymous_0)
FN:65,(anonymous_1)
FNF:2
FNH:2
FNDA:3,(anonymous_0)
FNDA:2,(anonymous_1)
DA:1,1
DA:2,1
DA:3,1
DA:4,1
DA:12,1
DA:13,3
DA:15,3
DA:16,3
DA:22,2
DA:23,1
DA:26,1
DA:28,1
DA:37,1
DA:43,1
DA:54,1
DA:55,1
DA:65,1
DA:66,2
DA:68,2
DA:69,2
DA:71,2
DA:72,0
DA:75,2
DA:77,2
DA:78,1
DA:81,1
DA:87,1
DA:98,0
DA:99,0
DA:103,1
LF:30
LH:27
BRDA:22,0,0,1
BRDA:22,0,1,1
BRDA:71,1,0,0
BRDA:71,1,1,2
BRDA:77,2,0,1
BRDA:77,2,1,1
BRF:6
BRH:5
end_of_record
TN:
SF:src\models\Client.js
FNF:0
FNH:0
DA:1,1
DA:2,1
DA:8,1
DA:48,1
LF:4
LH:4
BRF:0
BRH:0
end_of_record
